#
# A fatal error has been detected by the Java Runtime Environment:
#
#  EXCEPTION_ACCESS_VIOLATION (0xc0000005) at pc=0x00007ffe02c65292, pid=2412, tid=1864
#
# JRE version: Java(TM) SE Runtime Environment 18.9 (11.0.8+10) (build 11.0.8+10-LTS)
# Java VM: Java HotSpot(TM) 64-Bit Server VM 18.9 (11.0.8+10-LTS, mixed mode, tiered, compressed oops, parallel gc, windows-amd64)
# Problematic frame:
# V  [jvm.dll+0x625292]
#
# No core dump will be written. Minidumps are not enabled by default on client versions of Windows
#
# If you would like to submit a bug report, please visit:
#   https://bugreport.java.com/bugreport/crash.jsp
#

---------------  S U M M A R Y ------------

Command Line: --add-modules=ALL-SYSTEM --add-opens=java.base/java.util=ALL-UNNAMED --add-opens=java.base/java.lang=ALL-UNNAMED -Declipse.application=org.eclipse.jdt.ls.core.id1 -Dosgi.bundles.defaultStartLevel=4 -Declipse.product=org.eclipse.jdt.ls.core.product -Dfile.encoding=utf8 -DwatchParentProcess=false -XX:+UseParallelGC -XX:GCTimeRatio=4 -XX:AdaptiveSizePolicyWeight=90 -Dsun.zip.disableMemoryMapping=true -Xmx1G -Xms100m -javaagent:c:\Users\Victor Espinoza\.vscode\extensions\gabrielbb.vscode-lombok-1.0.1\server\lombok.jar -Xverify:none c:\Users\Victor Espinoza\.vscode\extensions\redhat.java-0.66.0\server\plugins\org.eclipse.equinox.launcher_1.5.800.v20200727-1323.jar -configuration c:\Users\Victor Espinoza\AppData\Roaming\Code\User\globalStorage\redhat.java\0.66.0\config_win -data c:\Users\Victor Espinoza\AppData\Roaming\Code\User\workspaceStorage\f1848e787ef99591f10b5d0722ac8b9e\redhat.java\jdt_ws

Host: AMD Turion(tm) X2 Ultra Dual-Core Mobile ZM-80, 2 cores, 3G,  Windows 10 , 64 bit Build 19041 (10.0.19041.292)
Time: Tue Sep  8 12:28:36 2020 Hora estándar de Venezuela elapsed time: 7451 seconds (0d 2h 4m 11s)

---------------  T H R E A D  ---------------

Current thread (0x000001ddb9ac3000):  GCTaskThread "ParGC Thread#0" [stack: 0x000000d4ad000000,0x000000d4ad100000] [id=1864]

Stack: [0x000000d4ad000000,0x000000d4ad100000],  sp=0x000000d4ad0ff7d0,  free space=1021k
Native frames: (J=compiled Java code, j=interpreted, Vv=VM code, C=native code)
V  [jvm.dll+0x625292]
V  [jvm.dll+0x6246dc]
V  [jvm.dll+0x638afd]
V  [jvm.dll+0x624a67]
V  [jvm.dll+0x30c86a]
V  [jvm.dll+0x6f845c]
V  [jvm.dll+0x600d66]
C  [ucrtbase.dll+0x21542]
C  [KERNEL32.DLL+0x16fd4]
C  [ntdll.dll+0x4cec1]


siginfo: EXCEPTION_ACCESS_VIOLATION (0xc0000005), reading address 0x0000000080078008


Register to memory mapping:

RIP=0x00007ffe02c65292 jvm.dll
RAX=0x0000000000000001 is an unknown value
RBX=
[error occurred during error reporting (printing register info), id 0xc0000005, EXCEPTION_ACCESS_VIOLATION (0xc0000005) at pc=0x00007ffe02c52406]

Registers:
RAX=0x0000000000000001, RBX=0x00000000c8c8ad98, RCX=0x0000000000000003, RDX=0x000001ddd0ec0000
RSP=0x000000d4ad0ff7d0, RBP=0x000000000000001e, RSI=0x0000000000000004, RDI=0x00000000c8c8a930
R8 =0x0000000080078000, R9 =0x000001ddc1ec0d90, R10=0x0000000000000001, R11=0x000000000000001e
R12=0x00007ffe02ecdab0, R13=0x0000000000000000, R14=0x000001ddd37bdcc0, R15=0x0000000000000000
RIP=0x00007ffe02c65292, EFLAGS=0x0000000000010206

Top of Stack: (sp=0x000000d4ad0ff7d0)
0x000000d4ad0ff7d0:   00000000c8c8adc0 000000000000001e
0x000000d4ad0ff7e0:   0000000000000003 0000000000000005
0x000000d4ad0ff7f0:   00000000c8c8a930 00007ffe02c646dc
0x000000d4ad0ff800:   00000000c8c8ad98 00000000c8c8adc0
0x000000d4ad0ff810:   0000000000000000 000001ddb9ac3000
0x000000d4ad0ff820:   000001ddb9ac3000 00007ffe02c78afd
0x000000d4ad0ff830:   000000000000e91f 000000d4ad0ff8b0
0x000000d4ad0ff840:   000001ddd37bdcc0 000001ddd37bdcc0
0x000000d4ad0ff850:   000001ddb9ac3000 00007ffe02c65331
0x000000d4ad0ff860:   00000000c036f508 000000d4ad0ffcb0
0x000000d4ad0ff870:   0000000000000000 0000000000000005
0x000000d4ad0ff880:   000001ddd37bdcc0 00007ffe02c645e0
0x000000d4ad0ff890:   000001ddd393cca0 00000000c036f508
0x000000d4ad0ff8a0:   000001ddb9ac4a00 00007ffe02ecdab0
0x000000d4ad0ff8b0:   0000000000000000 000001ddb9ac3000
0x000000d4ad0ff8c0:   000001ddb9aaceb0 000001ddd37bdcc0 

Instructions: (pc=0x00007ffe02c65292)
0x00007ffe02c65272:   8b d9 84 c0 74 16 44 8b 41 08 8b 0d 96 7c 3a 00
0x00007ffe02c65282:   49 d3 e0 4c 03 05 84 7c 3a 00 eb 04 4c 8b 41 08
0x00007ffe02c65292:   45 8b 48 08 45 85 c9 7e 0c 41 f6 c1 01 75 53 41
0x00007ffe02c652a2:   c1 f9 03 eb 5f 79 4b 84 c0 ba 0c 00 00 00 8b 05 


Stack slot to memory mapping:
stack at sp + 0 slots: 0x00000000c8c8adc0 is an oop: [[C 
{0x00000000c8c8adc0} - klass: {type array char}[]
 - length: 6
stack at sp + 1 slots: 0x000000000000001e is an unknown value
stack at sp + 2 slots: 0x0000000000000003 is an unknown value
stack at sp + 3 slots: 0x0000000000000005 is an unknown value
stack at sp + 4 slots: 0x00000000c8c8a930 is pointing into object: [[[C 
{0x00000000c8c8a910} - klass: {type array char}[][]
 - length: 30
stack at sp + 5 slots: 0x00007ffe02c646dc jvm.dll
stack at sp + 6 slots: 
[error occurred during error reporting (inspecting top of stack), id 0xc0000005, EXCEPTION_ACCESS_VIOLATION (0xc0000005) at pc=0x00007ffe02c52406]


---------------  P R O C E S S  ---------------

Threads class SMR info:
_java_thread_list=0x000001ddd96468d0, length=22, elements={
0x000001ddb9aaa800, 0x000001ddb9b70000, 0x000001ddb9b75000, 0x000001ddd387d800,
0x000001ddd387e800, 0x000001ddd3881800, 0x000001ddd382c800, 0x000001ddd438b000,
0x000001ddd447e000, 0x000001ddd4621800, 0x000001ddd4641800, 0x000001ddd4839000,
0x000001ddd46a1800, 0x000001ddd4b0d000, 0x000001ddd5514000, 0x000001ddd5481000,
0x000001ddd4d90000, 0x000001ddd4d90800, 0x000001ddd9bb1000, 0x000001ddd9bb2800,
0x000001ddd9bb0000, 0x000001ddd9bb5000
}

Java Threads: ( => current thread )
  0x000001ddb9aaa800 JavaThread "main" [_thread_blocked, id=6424, stack(0x000000d4acf00000,0x000000d4ad000000)]
  0x000001ddb9b70000 JavaThread "Reference Handler" daemon [_thread_blocked, id=6084, stack(0x000000d4ad200000,0x000000d4ad300000)]
  0x000001ddb9b75000 JavaThread "Finalizer" daemon [_thread_blocked, id=13088, stack(0x000000d4ad300000,0x000000d4ad400000)]
  0x000001ddd387d800 JavaThread "Signal Dispatcher" daemon [_thread_blocked, id=11776, stack(0x000000d4ad400000,0x000000d4ad500000)]
  0x000001ddd387e800 JavaThread "Attach Listener" daemon [_thread_blocked, id=6740, stack(0x000000d4ad500000,0x000000d4ad600000)]
  0x000001ddd3881800 JavaThread "C2 CompilerThread0" daemon [_thread_blocked, id=1296, stack(0x000000d4ad600000,0x000000d4ad700000)]
  0x000001ddd382c800 JavaThread "C1 CompilerThread0" daemon [_thread_blocked, id=11520, stack(0x000000d4ad700000,0x000000d4ad800000)]
  0x000001ddd438b000 JavaThread "Sweeper thread" daemon [_thread_blocked, id=8880, stack(0x000000d4ad800000,0x000000d4ad900000)]
  0x000001ddd447e000 JavaThread "Common-Cleaner" daemon [_thread_blocked, id=2168, stack(0x000000d4ad900000,0x000000d4ada00000)]
  0x000001ddd4621800 JavaThread "Service Thread" daemon [_thread_blocked, id=7064, stack(0x000000d4ada00000,0x000000d4adb00000)]
  0x000001ddd4641800 JavaThread "Active Thread: Equinox Container: 20fd5954-3215-4f75-8dcf-de39704168d0" [_thread_blocked, id=10016, stack(0x000000d4add00000,0x000000d4ade00000)]
  0x000001ddd4839000 JavaThread "Framework Event Dispatcher: Equinox Container: 20fd5954-3215-4f75-8dcf-de39704168d0" daemon [_thread_blocked, id=5996, stack(0x000000d4ade00000,0x000000d4adf00000)]
  0x000001ddd46a1800 JavaThread "Start Level: Equinox Container: 20fd5954-3215-4f75-8dcf-de39704168d0" daemon [_thread_blocked, id=7844, stack(0x000000d4adf00000,0x000000d4ae000000)]
  0x000001ddd4b0d000 JavaThread "SCR Component Actor" daemon [_thread_blocked, id=9824, stack(0x000000d4ae000000,0x000000d4ae100000)]
  0x000001ddd5514000 JavaThread "Bundle File Closer" daemon [_thread_blocked, id=10368, stack(0x000000d4ae100000,0x000000d4ae200000)]
  0x000001ddd5481000 JavaThread "Worker-JM" [_thread_blocked, id=9476, stack(0x000000d4ae300000,0x000000d4ae400000)]
  0x000001ddd4d90000 JavaThread "Java indexing" daemon [_thread_blocked, id=2704, stack(0x000000d4ae700000,0x000000d4ae800000)]
  0x000001ddd4d90800 JavaThread "pool-1-thread-1" [_thread_in_native, id=5012, stack(0x000000d4ae900000,0x000000d4aea00000)]
  0x000001ddd9bb1000 JavaThread "Worker-23" [_thread_blocked, id=4576, stack(0x000000d4ae800000,0x000000d4ae900000)]
  0x000001ddd9bb2800 JavaThread "Worker-26" [_thread_blocked, id=3648, stack(0x000000d4ae200000,0x000000d4ae300000)]
  0x000001ddd9bb0000 JavaThread "Worker-27: Publish Diagnostics" [_thread_blocked, id=1868, stack(0x000000d4acd00000,0x000000d4ace00000)]
  0x000001ddd9bb5000 JavaThread "Thread-4468" [_thread_blocked, id=12052, stack(0x000000d4ae500000,0x000000d4ae600000)]

Other Threads:
  0x000001ddd381e000 VMThread "VM Thread" [stack: 0x000000d4ad100000,0x000000d4ad200000] [id=10860]
  0x000001ddd46b0800 WatcherThread [stack: 0x000000d4adb00000,0x000000d4adc00000] [id=8008]
=>0x000001ddb9ac3000 GCTaskThread "ParGC Thread#0" [stack: 0x000000d4ad000000,0x000000d4ad100000] [id=1864]
  0x000001ddd46b5800 GCTaskThread "ParGC Thread#1" [stack: 0x000000d4adc00000,0x000000d4add00000] [id=9136]

Threads with active compile tasks:

VM state:at safepoint (normal execution)

VM Mutex/Monitor currently owned by a thread:  ([mutex/lock_event])
[0x000001ddb9aa9080] Threads_lock - owner thread: 0x000001ddd381e000
[0x000001ddb9aa92c0] Heap_lock - owner thread: 0x000001ddd9bb0000

Heap address: 0x00000000c0000000, size: 1024 MB, Compressed Oops mode: 32-bit
Narrow klass base: 0x0000000000000000, Narrow klass shift: 3
Compressed class space size: 1073741824 Address: 0x0000000100000000

Heap:
 PSYoungGen      total 49152K, used 5616K [0x00000000eab00000, 0x00000000ef580000, 0x0000000100000000)
  eden space 43520K, 0% used [0x00000000eab00000,0x00000000eab00000,0x00000000ed580000)
  from space 5632K, 99% used [0x00000000ed900000,0x00000000ede7c030,0x00000000ede80000)
  to   space 16384K, 0% used [0x00000000ee580000,0x00000000ee580000,0x00000000ef580000)
 ParOldGen       total 261632K, used 260650K [0x00000000c0000000, 0x00000000cff80000, 0x00000000eab00000)
  object space 261632K, 99% used [0x00000000c0000000,0x00000000cfe8aaf0,0x00000000cff80000)
 Metaspace       used 92570K, capacity 96383K, committed 96512K, reserved 1136640K
  class space    used 8135K, capacity 9379K, committed 9472K, reserved 1048576K

Card table byte_map: [0x000001ddb9470000,0x000001ddb9680000] _byte_map_base: 0x000001ddb8e70000

Marking Bits: (ParMarkBitMap*) 0x00007ffe0306e2a0
 Begin Bits: [0x000001ddd0ec0000, 0x000001ddd1ec0000)
 End Bits:   [0x000001ddd1ec0000, 0x000001ddd2ec0000)

Polling page: 0x000001ddb7a10000

Metaspace:

Usage:
  Non-class:     84.96 MB capacity,    82.46 MB ( 97%) used,     2.31 MB (  3%) free+waste,   200.88 KB ( <1%) overhead. 
      Class:      9.16 MB capacity,     7.95 MB ( 87%) used,     1.14 MB ( 12%) free+waste,    79.63 KB ( <1%) overhead. 
       Both:     94.12 MB capacity,    90.40 MB ( 96%) used,     3.45 MB (  4%) free+waste,   280.50 KB ( <1%) overhead. 

Virtual space:
  Non-class space:       86.00 MB reserved,      85.00 MB ( 99%) committed 
      Class space:        1.00 GB reserved,       9.25 MB ( <1%) committed 
             Both:        1.08 GB reserved,      94.25 MB (  8%) committed 

Chunk freelists:
   Non-Class:  4.50 KB
       Class:  3.63 KB
        Both:  8.13 KB

CodeHeap 'non-profiled nmethods': size=120064Kb used=27638Kb max_used=28095Kb free=92425Kb
 bounds [0x000001ddc9980000, 0x000001ddcb510000, 0x000001ddd0ec0000]
CodeHeap 'profiled nmethods': size=120000Kb used=44577Kb max_used=44774Kb free=75422Kb
 bounds [0x000001ddc2450000, 0x000001ddc5110000, 0x000001ddc9980000]
CodeHeap 'non-nmethods': size=5696Kb used=1324Kb max_used=1384Kb free=4371Kb
 bounds [0x000001ddc1ec0000, 0x000001ddc2130000, 0x000001ddc2450000]
 total_blobs=20182 nmethods=19441 adapters=650
 compilation: enabled
              stopped_count=0, restarted_count=0
 full_count=0

Compilation events (10 events):
Event: 7449.453 Thread 0x000001ddd3881800 31746  s    4       org.eclipse.core.internal.jobs.OrderedLock::attempt (48 bytes)
Event: 7449.458 Thread 0x000001ddd3881800 nmethod 31746 0x000001ddcabc8590 code [0x000001ddcabc8720, 0x000001ddcabc8b28]
Event: 7449.999 Thread 0x000001ddd3881800 31747       4       org.eclipse.core.internal.jobs.OrderedLock::acquire (78 bytes)
Event: 7450.010 Thread 0x000001ddd3881800 nmethod 31747 0x000001ddcaca0b90 code [0x000001ddcaca0d80, 0x000001ddcaca1300]
Event: 7450.010 Thread 0x000001ddd3881800 31748       4       org.eclipse.core.internal.jobs.OrderedLock::release (60 bytes)
Event: 7450.017 Thread 0x000001ddd3881800 nmethod 31748 0x000001ddcaca3010 code [0x000001ddcaca31e0, 0x000001ddcaca3648]
Event: 7450.356 Thread 0x000001ddd3881800 31749   !   4       org.eclipse.jdt.core.dom.ClassInstanceCreation::getType (65 bytes)
Event: 7450.358 Thread 0x000001ddd3881800 nmethod 31749 0x000001ddcaa8a610 code [0x000001ddcaa8a7a0, 0x000001ddcaa8a858]
Event: 7451.120 Thread 0x000001ddd3881800 31750       4       lombok.core.handlers.InclusionExclusionUtils$Included::<init> (20 bytes)
Event: 7451.121 Thread 0x000001ddd3881800 nmethod 31750 0x000001ddcabc8290 code [0x000001ddcabc8420, 0x000001ddcabc84b8]

GC Heap History (10 events):
Event: 7449.269 GC heap after
{Heap after GC invocations=5694 (full 87):
 PSYoungGen      total 49152K, used 2110K [0x00000000eab00000, 0x00000000ee080000, 0x0000000100000000)
  eden space 46592K, 0% used [0x00000000eab00000,0x00000000eab00000,0x00000000ed880000)
  from space 2560K, 82% used [0x00000000ed980000,0x00000000edb8fb10,0x00000000edc00000)
  to   space 3584K, 0% used [0x00000000edd00000,0x00000000edd00000,0x00000000ee080000)
 ParOldGen       total 256512K, used 242068K [0x00000000c0000000, 0x00000000cfa80000, 0x00000000eab00000)
  object space 256512K, 94% used [0x00000000c0000000,0x00000000cec65290,0x00000000cfa80000)
 Metaspace       used 92569K, capacity 96383K, committed 96512K, reserved 1136640K
  class space    used 8135K, capacity 9379K, committed 9472K, reserved 1048576K
}
Event: 7449.429 GC heap before
{Heap before GC invocations=5695 (full 87):
 PSYoungGen      total 49152K, used 48702K [0x00000000eab00000, 0x00000000ee080000, 0x0000000100000000)
  eden space 46592K, 100% used [0x00000000eab00000,0x00000000ed880000,0x00000000ed880000)
  from space 2560K, 82% used [0x00000000ed980000,0x00000000edb8fb10,0x00000000edc00000)
  to   space 3584K, 0% used [0x00000000edd00000,0x00000000edd00000,0x00000000ee080000)
 ParOldGen       total 256512K, used 242068K [0x00000000c0000000, 0x00000000cfa80000, 0x00000000eab00000)
  object space 256512K, 94% used [0x00000000c0000000,0x00000000cec65290,0x00000000cfa80000)
 Metaspace       used 92570K, capacity 96383K, committed 96512K, reserved 1136640K
  class space    used 8135K, capacity 9379K, committed 9472K, reserved 1048576K
}
Event: 7449.443 GC heap after
{Heap after GC invocations=5695 (full 87):
 PSYoungGen      total 48128K, used 2318K [0x00000000eab00000, 0x00000000edf80000, 0x0000000100000000)
  eden space 45568K, 0% used [0x00000000eab00000,0x00000000eab00000,0x00000000ed780000)
  from space 2560K, 90% used [0x00000000edd00000,0x00000000edf43b40,0x00000000edf80000)
  to   space 2560K, 0% used [0x00000000eda80000,0x00000000eda80000,0x00000000edd00000)
 ParOldGen       total 256512K, used 244029K [0x00000000c0000000, 0x00000000cfa80000, 0x00000000eab00000)
  object space 256512K, 95% used [0x00000000c0000000,0x00000000cee4f6f0,0x00000000cfa80000)
 Metaspace       used 92570K, capacity 96383K, committed 96512K, reserved 1136640K
  class space    used 8135K, capacity 9379K, committed 9472K, reserved 1048576K
}
Event: 7450.448 GC heap before
{Heap before GC invocations=5696 (full 87):
 PSYoungGen      total 48128K, used 47886K [0x00000000eab00000, 0x00000000edf80000, 0x0000000100000000)
  eden space 45568K, 100% used [0x00000000eab00000,0x00000000ed780000,0x00000000ed780000)
  from space 2560K, 90% used [0x00000000edd00000,0x00000000edf43b40,0x00000000edf80000)
  to   space 2560K, 0% used [0x00000000eda80000,0x00000000eda80000,0x00000000edd00000)
 ParOldGen       total 256512K, used 244029K [0x00000000c0000000, 0x00000000cfa80000, 0x00000000eab00000)
  object space 256512K, 95% used [0x00000000c0000000,0x00000000cee4f6f0,0x00000000cfa80000)
 Metaspace       used 92570K, capacity 96383K, committed 96512K, reserved 1136640K
  class space    used 8135K, capacity 9379K, committed 9472K, reserved 1048576K
}
Event: 7450.471 GC heap after
{Heap after GC invocations=5696 (full 87):
 PSYoungGen      total 47104K, used 2553K [0x00000000eab00000, 0x00000000ee880000, 0x0000000100000000)
  eden space 44544K, 0% used [0x00000000eab00000,0x00000000eab00000,0x00000000ed680000)
  from space 2560K, 99% used [0x00000000eda80000,0x00000000edcfe410,0x00000000edd00000)
  to   space 9216K, 0% used [0x00000000edf80000,0x00000000edf80000,0x00000000ee880000)
 ParOldGen       total 256512K, used 249269K [0x00000000c0000000, 0x00000000cfa80000, 0x00000000eab00000)
  object space 256512K, 97% used [0x00000000c0000000,0x00000000cf36d450,0x00000000cfa80000)
 Metaspace       used 92570K, capacity 96383K, committed 96512K, reserved 1136640K
  class space    used 8135K, capacity 9379K, committed 9472K, reserved 1048576K
}
Event: 7450.963 GC heap before
{Heap before GC invocations=5697 (full 87):
 PSYoungGen      total 47104K, used 47097K [0x00000000eab00000, 0x00000000ee880000, 0x0000000100000000)
  eden space 44544K, 100% used [0x00000000eab00000,0x00000000ed680000,0x00000000ed680000)
  from space 2560K, 99% used [0x00000000eda80000,0x00000000edcfe410,0x00000000edd00000)
  to   space 9216K, 0% used [0x00000000edf80000,0x00000000edf80000,0x00000000ee880000)
 ParOldGen       total 256512K, used 249269K [0x00000000c0000000, 0x00000000cfa80000, 0x00000000eab00000)
  object space 256512K, 97% used [0x00000000c0000000,0x00000000cf36d450,0x00000000cfa80000)
 Metaspace       used 92570K, capacity 96383K, committed 96512K, reserved 1136640K
  class space    used 8135K, capacity 9379K, committed 9472K, reserved 1048576K
}
Event: 7450.981 GC heap after
{Heap after GC invocations=5697 (full 87):
 PSYoungGen      total 48640K, used 4426K [0x00000000eab00000, 0x00000000ee400000, 0x0000000100000000)
  eden space 44032K, 0% used [0x00000000eab00000,0x00000000eab00000,0x00000000ed600000)
  from space 4608K, 96% used [0x00000000edf80000,0x00000000ee3d2910,0x00000000ee400000)
  to   space 5632K, 0% used [0x00000000ed900000,0x00000000ed900000,0x00000000ede80000)
 ParOldGen       total 256512K, used 251792K [0x00000000c0000000, 0x00000000cfa80000, 0x00000000eab00000)
  object space 256512K, 98% used [0x00000000c0000000,0x00000000cf5e42d0,0x00000000cfa80000)
 Metaspace       used 92570K, capacity 96383K, committed 96512K, reserved 1136640K
  class space    used 8135K, capacity 9379K, committed 9472K, reserved 1048576K
}
Event: 7451.167 GC heap before
{Heap before GC invocations=5698 (full 87):
 PSYoungGen      total 48640K, used 48458K [0x00000000eab00000, 0x00000000ee400000, 0x0000000100000000)
  eden space 44032K, 100% used [0x00000000eab00000,0x00000000ed600000,0x00000000ed600000)
  from space 4608K, 96% used [0x00000000edf80000,0x00000000ee3d2910,0x00000000ee400000)
  to   space 5632K, 0% used [0x00000000ed900000,0x00000000ed900000,0x00000000ede80000)
 ParOldGen       total 256512K, used 251792K [0x00000000c0000000, 0x00000000cfa80000, 0x00000000eab00000)
  object space 256512K, 98% used [0x00000000c0000000,0x00000000cf5e42d0,0x00000000cfa80000)
 Metaspace       used 92570K, capacity 96383K, committed 96512K, reserved 1136640K
  class space    used 8135K, capacity 9379K, committed 9472K, reserved 1048576K
}
Event: 7451.208 GC heap after
{Heap after GC invocations=5698 (full 87):
 PSYoungGen      total 49152K, used 5616K [0x00000000eab00000, 0x00000000ef580000, 0x0000000100000000)
  eden space 43520K, 0% used [0x00000000eab00000,0x00000000eab00000,0x00000000ed580000)
  from space 5632K, 99% used [0x00000000ed900000,0x00000000ede7c030,0x00000000ede80000)
  to   space 16384K, 0% used [0x00000000ee580000,0x00000000ee580000,0x00000000ef580000)
 ParOldGen       total 261632K, used 260650K [0x00000000c0000000, 0x00000000cff80000, 0x00000000eab00000)
  object space 261632K, 99% used [0x00000000c0000000,0x00000000cfe8aaf0,0x00000000cff80000)
 Metaspace       used 92570K, capacity 96383K, committed 96512K, reserved 1136640K
  class space    used 8135K, capacity 9379K, committed 9472K, reserved 1048576K
}
Event: 7451.208 GC heap before
{Heap before GC invocations=5699 (full 88):
 PSYoungGen      total 49152K, used 5616K [0x00000000eab00000, 0x00000000ef580000, 0x0000000100000000)
  eden space 43520K, 0% used [0x00000000eab00000,0x00000000eab00000,0x00000000ed580000)
  from space 5632K, 99% used [0x00000000ed900000,0x00000000ede7c030,0x00000000ede80000)
  to   space 16384K, 0% used [0x00000000ee580000,0x00000000ee580000,0x00000000ef580000)
 ParOldGen       total 261632K, used 260650K [0x00000000c0000000, 0x00000000cff80000, 0x00000000eab00000)
  object space 261632K, 99% used [0x00000000c0000000,0x00000000cfe8aaf0,0x00000000cff80000)
 Metaspace       used 92570K, capacity 96383K, committed 96512K, reserved 1136640K
  class space    used 8135K, capacity 9379K, committed 9472K, reserved 1048576K
}

Deoptimization events (10 events):
Event: 7220.992 Thread 0x000001ddd9bb7800 Uncommon trap: reason=class_check action=maybe_recompile pc=0x000001ddca74c658 method=org.eclipse.jdt.internal.compiler.lookup.ElementValuePair.getValue(Lorg/eclipse/jdt/internal/compiler/ast/Expression;)Ljava/lang/Object; @ 144 c2
Event: 7221.230 Thread 0x000001ddd9bb7800 Uncommon trap: reason=unstable_if action=reinterpret pc=0x000001ddcaca2ce8 method=org.eclipse.jdt.internal.compiler.lookup.Scope.getBaseType([C)Lorg/eclipse/jdt/internal/compiler/lookup/TypeBinding; @ 119 c2
Event: 7233.187 Thread 0x000001ddd9bb0000 Uncommon trap: reason=class_check action=maybe_recompile pc=0x000001ddc9e2db30 method=org.eclipse.jdt.internal.core.search.matching.MatchingNodeSet.addPossibleMatch(Lorg/eclipse/jdt/internal/compiler/ast/ASTNode;)V @ 23 c2
Event: 7233.187 Thread 0x000001ddd9bb0000 Uncommon trap: reason=bimorphic_or_optimized_type_check action=maybe_recompile pc=0x000001ddca841548 method=org.eclipse.jdt.internal.compiler.util.SimpleSet.remove(Ljava/lang/Object;)Ljava/lang/Object; @ 7 c2
Event: 7233.187 Thread 0x000001ddd9bb0000 Uncommon trap: reason=class_check action=maybe_recompile pc=0x000001ddca013e9c method=org.eclipse.jdt.internal.compiler.parser.Parser.recoveryExitFromVariable()V @ 21 c2
Event: 7233.189 Thread 0x000001ddd9bb0000 Uncommon trap: reason=unstable_if action=reinterpret pc=0x000001ddcb3198e8 method=org.eclipse.jdt.internal.compiler.parser.diagnose.DiagnoseParser.diagnoseParse(Z)V @ 912 c2
Event: 7233.200 Thread 0x000001ddd9bb0000 Uncommon trap: reason=class_check action=maybe_recompile pc=0x000001ddc9e2db30 method=org.eclipse.jdt.internal.core.search.matching.MatchingNodeSet.addPossibleMatch(Lorg/eclipse/jdt/internal/compiler/ast/ASTNode;)V @ 23 c2
Event: 7233.200 Thread 0x000001ddd9bb0000 Uncommon trap: reason=bimorphic_or_optimized_type_check action=maybe_recompile pc=0x000001ddca841548 method=org.eclipse.jdt.internal.compiler.util.SimpleSet.remove(Ljava/lang/Object;)Ljava/lang/Object; @ 7 c2
Event: 7240.030 Thread 0x000001ddd9bb3800 Uncommon trap: reason=unstable_if action=reinterpret pc=0x000001ddcae76aa4 method=org.eclipse.jdt.internal.compiler.lookup.SourceTypeBinding.methods()[Lorg/eclipse/jdt/internal/compiler/lookup/MethodBinding; @ 1453 c2
Event: 7443.931 Thread 0x000001ddd9bb3800 Uncommon trap: reason=unstable_if action=reinterpret pc=0x000001ddcad1de40 method=org.eclipse.jdt.internal.core.OverflowingLRUCache.privateRemoveEntry(Lorg/eclipse/jdt/internal/core/util/LRUCache$LRUCacheEntry;ZZ)V @ 5 c2

Classes redefined (0 events):
No events

Internal exceptions (10 events):
Event: 7448.796 Thread 0x000001ddd9bb3800 Implicit null exception at 0x000001ddc3beb3f6 to 0x000001ddc3beb959
Event: 7448.797 Thread 0x000001ddd9bb3800 Exception <a 'java/lang/NullPointerException'{0x00000000ead259d8}> (0x00000000ead259d8) thrown at [./open/src/hotspot/share/runtime/sharedRuntime.cpp, line 584]
Event: 7448.802 Thread 0x000001ddd9bb3800 Implicit null exception at 0x000001ddc3beb3f6 to 0x000001ddc3beb959
Event: 7448.802 Thread 0x000001ddd9bb3800 Exception <a 'java/lang/NullPointerException'{0x00000000eb0350a8}> (0x00000000eb0350a8) thrown at [./open/src/hotspot/share/runtime/sharedRuntime.cpp, line 584]
Event: 7448.807 Thread 0x000001ddd9bb3800 Implicit null exception at 0x000001ddc3beb3f6 to 0x000001ddc3beb959
Event: 7448.807 Thread 0x000001ddd9bb3800 Exception <a 'java/lang/NullPointerException'{0x00000000eb221630}> (0x00000000eb221630) thrown at [./open/src/hotspot/share/runtime/sharedRuntime.cpp, line 584]
Event: 7449.138 Thread 0x000001ddd9bb3800 Implicit null exception at 0x000001ddc3beb3f6 to 0x000001ddc3beb959
Event: 7449.138 Thread 0x000001ddd9bb3800 Exception <a 'java/lang/NullPointerException'{0x00000000ec0f4ce0}> (0x00000000ec0f4ce0) thrown at [./open/src/hotspot/share/runtime/sharedRuntime.cpp, line 584]
Event: 7449.138 Thread 0x000001ddd9bb3800 Implicit null exception at 0x000001ddc3beb3f6 to 0x000001ddc3beb959
Event: 7449.139 Thread 0x000001ddd9bb3800 Exception <a 'java/lang/NullPointerException'{0x00000000ec0f4fb0}> (0x00000000ec0f4fb0) thrown at [./open/src/hotspot/share/runtime/sharedRuntime.cpp, line 584]

Events (10 events):
Event: 7450.195 Thread 0x000001ddd9bba800 Thread exited: 0x000001ddd9bba800
Event: 7450.354 Executing VM operation: RevokeBias
Event: 7450.354 Executing VM operation: RevokeBias done
Event: 7450.381 Thread 0x000001ddd9baf000 Thread exited: 0x000001ddd9baf000
Event: 7450.448 Executing VM operation: ParallelGCFailedAllocation
Event: 7450.471 Executing VM operation: ParallelGCFailedAllocation done
Event: 7450.959 Executing VM operation: ParallelGCFailedAllocation
Event: 7450.981 Executing VM operation: ParallelGCFailedAllocation done
Event: 7451.091 Thread 0x000001ddd9bbb800 Thread exited: 0x000001ddd9bbb800
Event: 7451.167 Executing VM operation: ParallelGCFailedAllocation


Dynamic libraries:
0x00007ff6afd90000 - 0x00007ff6afd9f000 	C:\Program Files\Java\jdk-11.0.8\bin\java.exe
0x00007ffe48e90000 - 0x00007ffe49085000 	C:\Windows\SYSTEM32\ntdll.dll
0x00007ffe47030000 - 0x00007ffe470ed000 	C:\Windows\System32\KERNEL32.DLL
0x00007ffe469e0000 - 0x00007ffe46ca7000 	C:\Windows\System32\KERNELBASE.dll
0x00007ffe465e0000 - 0x00007ffe466e0000 	C:\Windows\System32\ucrtbase.dll
0x00007ffe20a70000 - 0x00007ffe20a88000 	C:\Program Files\Java\jdk-11.0.8\bin\jli.dll
0x00007ffe48150000 - 0x00007ffe481fa000 	C:\Windows\System32\ADVAPI32.dll
0x00007ffe48d20000 - 0x00007ffe48dbe000 	C:\Windows\System32\msvcrt.dll
0x00007ffe473f0000 - 0x00007ffe4748b000 	C:\Windows\System32\sechost.dll
0x00007ffe471a0000 - 0x00007ffe472c3000 	C:\Windows\System32\RPCRT4.dll
0x00007ffe47c50000 - 0x00007ffe47df0000 	C:\Windows\System32\USER32.dll
0x00007ffe46850000 - 0x00007ffe46872000 	C:\Windows\System32\win32u.dll
0x00007ffe48bb0000 - 0x00007ffe48bda000 	C:\Windows\System32\GDI32.dll
0x00007ffe46d40000 - 0x00007ffe46e4a000 	C:\Windows\System32\gdi32full.dll
0x00007ffe46730000 - 0x00007ffe467cd000 	C:\Windows\System32\msvcp_win.dll
0x00007ffe38d00000 - 0x00007ffe38f9a000 	C:\Windows\WinSxS\amd64_microsoft.windows.common-controls_6595b64144ccf1df_6.0.19041.1_none_b555e41d4684ddec\COMCTL32.dll
0x00007ffe3ef80000 - 0x00007ffe3ef8a000 	C:\Windows\SYSTEM32\VERSION.dll
0x00007ffe20d00000 - 0x00007ffe20d15000 	C:\Program Files\Java\jdk-11.0.8\bin\VCRUNTIME140.dll
0x00007ffe48640000 - 0x00007ffe48670000 	C:\Windows\System32\IMM32.DLL
0x00007ffe0fe90000 - 0x00007ffe0ff2b000 	C:\Program Files\Java\jdk-11.0.8\bin\msvcp140.dll
0x00007ffe02640000 - 0x00007ffe03126000 	C:\Program Files\Java\jdk-11.0.8\bin\server\jvm.dll
0x00007ffe482e0000 - 0x00007ffe482e8000 	C:\Windows\System32\PSAPI.DLL
0x00007ffe425a0000 - 0x00007ffe425a9000 	C:\Windows\SYSTEM32\WSOCK32.dll
0x00007ffe485d0000 - 0x00007ffe4863b000 	C:\Windows\System32\WS2_32.dll
0x00007ffe36890000 - 0x00007ffe368b7000 	C:\Windows\SYSTEM32\WINMM.dll
0x00007ffe44560000 - 0x00007ffe44573000 	C:\Windows\SYSTEM32\kernel.appcore.dll
0x00007ffe3a6f0000 - 0x00007ffe3a700000 	C:\Program Files\Java\jdk-11.0.8\bin\verify.dll
0x00007ffe366a0000 - 0x00007ffe36884000 	C:\Windows\SYSTEM32\DBGHELP.DLL
0x00007ffe36670000 - 0x00007ffe3669c000 	C:\Windows\SYSTEM32\dbgcore.DLL
0x00007ffe467d0000 - 0x00007ffe4684f000 	C:\Windows\System32\bcryptPrimitives.dll
0x00007ffe1af50000 - 0x00007ffe1af78000 	C:\Program Files\Java\jdk-11.0.8\bin\java.dll
0x00007ffe3a2d0000 - 0x00007ffe3a2da000 	C:\Program Files\Java\jdk-11.0.8\bin\jimage.dll
0x00007ffe39e30000 - 0x00007ffe39e3e000 	C:\Program Files\Java\jdk-11.0.8\bin\instrument.dll
0x00007ffe20990000 - 0x00007ffe209a6000 	C:\Program Files\Java\jdk-11.0.8\bin\zip.dll
0x00007ffe47510000 - 0x00007ffe47c50000 	C:\Windows\System32\SHELL32.dll
0x00007ffe44760000 - 0x00007ffe44ef1000 	C:\Windows\SYSTEM32\windows.storage.dll
0x00007ffe47df0000 - 0x00007ffe48143000 	C:\Windows\System32\combase.dll
0x00007ffe46060000 - 0x00007ffe4608c000 	C:\Windows\SYSTEM32\Wldp.dll
0x00007ffe470f0000 - 0x00007ffe4719e000 	C:\Windows\System32\SHCORE.dll
0x00007ffe486e0000 - 0x00007ffe48735000 	C:\Windows\System32\shlwapi.dll
0x00007ffe46520000 - 0x00007ffe4653f000 	C:\Windows\SYSTEM32\profapi.dll
0x00007ffe1b160000 - 0x00007ffe1b179000 	C:\Program Files\Java\jdk-11.0.8\bin\net.dll
0x00007ffe3bce0000 - 0x00007ffe3bde0000 	C:\Windows\SYSTEM32\WINHTTP.dll
0x00007ffe45de0000 - 0x00007ffe45e4a000 	C:\Windows\system32\mswsock.dll
0x00007ffe0ff80000 - 0x00007ffe0ff92000 	C:\Program Files\Java\jdk-11.0.8\bin\nio.dll
0x00007ffe45fb0000 - 0x00007ffe45fc8000 	C:\Windows\SYSTEM32\CRYPTSP.dll
0x00007ffe45700000 - 0x00007ffe45734000 	C:\Windows\system32\rsaenh.dll
0x00007ffe46cb0000 - 0x00007ffe46cd7000 	C:\Windows\System32\bcrypt.dll
0x00007ffe464a0000 - 0x00007ffe464ce000 	C:\Windows\SYSTEM32\USERENV.dll
0x00007ffe45fd0000 - 0x00007ffe45fdc000 	C:\Windows\SYSTEM32\CRYPTBASE.dll
0x00007ffe45a80000 - 0x00007ffe45abb000 	C:\Windows\SYSTEM32\IPHLPAPI.DLL
0x00007ffe48200000 - 0x00007ffe48209000 	C:\Windows\System32\NSI.dll
0x00007ffe3ceb0000 - 0x00007ffe3cec7000 	C:\Windows\SYSTEM32\dhcpcsvc6.DLL
0x00007ffe3ce90000 - 0x00007ffe3cead000 	C:\Windows\SYSTEM32\dhcpcsvc.DLL
0x00007ffe45ad0000 - 0x00007ffe45b9a000 	C:\Windows\SYSTEM32\DNSAPI.dll
0x00007ffe0fe30000 - 0x00007ffe0fe5a000 	C:\Users\Victor Espinoza\AppData\Roaming\Code\User\globalStorage\redhat.java\0.66.0\config_win\org.eclipse.equinox.launcher\org.eclipse.equinox.launcher.win32.win32.x86_64_1.1.1300.v20200819-0940\eclipse_11100.dll
0x00007ffe0fc90000 - 0x00007ffe0fca1000 	C:\Users\Victor Espinoza\AppData\Roaming\Code\User\globalStorage\redhat.java\0.66.0\config_win\org.eclipse.osgi\21\0\.cp\jWinHttp-1.0.0.dll
0x00007ffe46f00000 - 0x00007ffe47029000 	C:\Windows\System32\ole32.dll
0x00007ffe425b0000 - 0x00007ffe425bd000 	C:\Program Files\Java\jdk-11.0.8\bin\sunmscapi.dll
0x00007ffe46880000 - 0x00007ffe469dd000 	C:\Windows\System32\CRYPT32.dll
0x00007ffe460d0000 - 0x00007ffe460f7000 	C:\Windows\SYSTEM32\ncrypt.dll
0x00007ffe46090000 - 0x00007ffe460cb000 	C:\Windows\SYSTEM32\NTASN1.dll
0x00007ffe0f410000 - 0x00007ffe0f435000 	C:\Program Files\Java\jdk-11.0.8\bin\sunec.dll
0x00007ffe3c050000 - 0x00007ffe3c05a000 	C:\Windows\System32\rasadhlp.dll
0x00007ffe3bb00000 - 0x00007ffe3bb7f000 	C:\Windows\System32\fwpuclnt.dll

dbghelp: loaded successfully - version: 4.0.5 - missing functions: none
symbol engine: initialized successfully - sym options: 0x614 - pdb path: .;C:\Program Files\Java\jdk-11.0.8\bin;C:\Windows\SYSTEM32;C:\Windows\WinSxS\amd64_microsoft.windows.common-controls_6595b64144ccf1df_6.0.19041.1_none_b555e41d4684ddec;C:\Program Files\Java\jdk-11.0.8\bin\server;C:\Users\Victor Espinoza\AppData\Roaming\Code\User\globalStorage\redhat.java\0.66.0\config_win\org.eclipse.equinox.launcher\org.eclipse.equinox.launcher.win32.win32.x86_64_1.1.1300.v20200819-0940;C:\Users\Victor Espinoza\AppData\Roaming\Code\User\globalStorage\redhat.java\0.66.0\config_win\org.eclipse.osgi\21\0\.cp

VM Arguments:
jvm_args: --add-modules=ALL-SYSTEM --add-opens=java.base/java.util=ALL-UNNAMED --add-opens=java.base/java.lang=ALL-UNNAMED -Declipse.application=org.eclipse.jdt.ls.core.id1 -Dosgi.bundles.defaultStartLevel=4 -Declipse.product=org.eclipse.jdt.ls.core.product -Dfile.encoding=utf8 -DwatchParentProcess=false -XX:+UseParallelGC -XX:GCTimeRatio=4 -XX:AdaptiveSizePolicyWeight=90 -Dsun.zip.disableMemoryMapping=true -Xmx1G -Xms100m -javaagent:c:\Users\Victor Espinoza\.vscode\extensions\gabrielbb.vscode-lombok-1.0.1\server\lombok.jar -Xverify:none 
java_command: c:\Users\Victor Espinoza\.vscode\extensions\redhat.java-0.66.0\server\plugins\org.eclipse.equinox.launcher_1.5.800.v20200727-1323.jar -configuration c:\Users\Victor Espinoza\AppData\Roaming\Code\User\globalStorage\redhat.java\0.66.0\config_win -data c:\Users\Victor Espinoza\AppData\Roaming\Code\User\workspaceStorage\f1848e787ef99591f10b5d0722ac8b9e\redhat.java\jdt_ws
java_class_path (initial): c:\Users\Victor Espinoza\.vscode\extensions\redhat.java-0.66.0\server\plugins\org.eclipse.equinox.launcher_1.5.800.v20200727-1323.jar
Launcher Type: SUN_STANDARD

[Global flags]
    uintx AdaptiveSizePolicyWeight                 = 90                                        {product} {command line}
     bool BytecodeVerificationLocal                = false                                     {product} {command line}
     bool BytecodeVerificationRemote               = false                                     {product} {command line}
     intx CICompilerCount                          = 2                                         {product} {ergonomic}
    uintx GCTimeRatio                              = 4                                         {product} {command line}
   size_t InitialHeapSize                          = 104857600                                 {product} {command line}
   size_t MaxHeapSize                              = 1073741824                                {product} {command line}
   size_t MaxNewSize                               = 357564416                                 {product} {ergonomic}
   size_t MinHeapDeltaBytes                        = 524288                                    {product} {ergonomic}
   size_t NewSize                                  = 34603008                                  {product} {ergonomic}
    uintx NonNMethodCodeHeapSize                   = 5825164                                {pd product} {ergonomic}
    uintx NonProfiledCodeHeapSize                  = 122916538                              {pd product} {ergonomic}
   size_t OldSize                                  = 70254592                                  {product} {ergonomic}
    uintx ProfiledCodeHeapSize                     = 122916538                              {pd product} {ergonomic}
    uintx ReservedCodeCacheSize                    = 251658240                              {pd product} {ergonomic}
     bool SegmentedCodeCache                       = true                                      {product} {ergonomic}
     bool UseCompressedClassPointers               = true                                 {lp64_product} {ergonomic}
     bool UseCompressedOops                        = true                                 {lp64_product} {ergonomic}
     bool UseLargePagesIndividualAllocation        = false                                  {pd product} {ergonomic}
     bool UseParallelGC                            = true                                      {product} {command line}

Logging:
Log output configuration:
 #0: stdout all=warning uptime,level,tags
 #1: stderr all=off uptime,level,tags

Environment Variables:
JAVA_HOME=C:\Program Files\Java\jdk-11.0.8
PATH=C:\Program Files\Common Files\Oracle\Java\javapath;C:\Windows\system32;C:\Windows;C:\Windows\System32\Wbem;C:\Windows\System32\WindowsPowerShell\v1.0\;C:\Windows\System32\OpenSSH\;C:\Program Files\Java\jdk-11.0.8\bin;C:\Maven\apache-maven-3.6.3\bin;C:\Users\Victor Espinoza\AppData\Local\Microsoft\WindowsApps;;C:\Users\Victor Espinoza\AppData\Local\Programs\Microsoft VS Code\bin
USERNAME=Victor Espinoza
OS=Windows_NT
PROCESSOR_IDENTIFIER=AMD64 Family 17 Model 3 Stepping 1, AuthenticAMD



---------------  S Y S T E M  ---------------

OS: Windows 10 , 64 bit Build 19041 (10.0.19041.292)

CPU:total 2 (initial active 2) (2 cores per cpu, 1 threads per core) family 17 model 3 stepping 1, cmov, cx8, fxsr, mmx, sse, sse2, sse3, mmxext, 3dnowpref, tsc, tscinvbit

Memory: 4k page, system-wide physical 4093M (759M free)
TotalPageFile size 8400M (AvailPageFile size 3752M)
current process WorkingSet (physical memory assigned to process): 653M, peak: 1005M
current process commit charge ("private bytes"): 647M, peak: 1009M

vm_info: Java HotSpot(TM) 64-Bit Server VM (11.0.8+10-LTS) for windows-amd64 JRE (11.0.8+10-LTS), built on Jun 16 2020 05:53:08 by "mach5one" with unknown MS VC++:1916

END.
